SF:lib\modify_recipe_form.dart
DA:11,1
DA:15,1
DA:16,1
DA:26,2
DA:27,2
DA:28,3
DA:29,3
DA:30,3
DA:31,6
DA:35,0
DA:36,0
DA:37,0
DA:41,1
DA:42,3
DA:43,5
DA:45,1
DA:46,2
DA:47,2
DA:48,3
DA:49,3
DA:50,3
DA:57,2
DA:58,4
DA:59,4
DA:64,1
DA:66,1
DA:67,1
DA:68,1
DA:69,1
DA:70,1
DA:71,2
DA:72,2
DA:73,2
DA:74,2
DA:75,2
DA:76,2
DA:77,3
DA:78,2
DA:79,1
DA:80,3
DA:81,1
DA:82,2
DA:85,1
DA:86,2
DA:94,1
DA:95,1
DA:96,1
DA:97,3
DA:98,3
LF:49
LH:46
end_of_record
SF:lib\new_recipe_form.dart
DA:10,2
DA:12,1
DA:13,1
DA:26,1
DA:28,1
DA:29,2
DA:30,2
DA:31,2
DA:32,2
DA:33,2
DA:34,2
DA:35,1
DA:39,1
DA:40,2
DA:41,3
DA:45,1
DA:46,2
DA:47,2
DA:52,1
DA:53,3
DA:54,5
DA:56,1
DA:57,2
DA:58,2
DA:59,3
DA:60,3
DA:61,3
DA:68,2
DA:69,4
DA:70,4
DA:75,1
DA:77,1
DA:78,1
DA:79,1
DA:80,1
DA:81,1
DA:82,2
DA:83,2
DA:84,2
DA:85,2
DA:86,2
DA:87,2
DA:88,4
DA:89,2
DA:90,1
DA:91,1
DA:92,1
DA:93,4
DA:94,1
DA:95,3
DA:97,1
DA:98,1
DA:99,2
DA:106,1
DA:107,3
DA:113,1
DA:114,1
DA:115,1
DA:116,3
DA:117,3
LF:60
LH:60
end_of_record
SF:lib\main.dart
DA:6,0
DA:7,0
DA:11,2
DA:14,1
DA:16,1
DA:18,1
DA:20,1
DA:29,1
DA:34,1
DA:35,1
DA:41,1
DA:42,2
DA:43,2
DA:44,1
DA:50,1
DA:51,2
DA:52,2
DA:53,1
DA:59,1
DA:62,1
DA:63,1
DA:64,1
DA:65,3
DA:67,1
DA:68,1
DA:69,1
DA:74,1
DA:90,0
DA:91,0
DA:92,0
DA:96,1
DA:97,1
LF:32
LH:27
end_of_record
SF:lib\form_action_buttons.dart
DA:6,1
DA:9,1
DA:11,1
DA:13,1
DA:14,1
DA:15,0
DA:18,1
DA:19,1
DA:20,1
DA:21,3
DA:22,3
LF:11
LH:10
end_of_record
SF:lib\recipe.dart
DA:9,1
LF:1
LH:1
end_of_record
SF:lib\quantity_field.dart
DA:8,1
DA:10,1
DA:12,1
DA:13,2
DA:14,1
DA:15,1
DA:18,1
DA:19,1
DA:20,2
DA:23,1
DA:27,1
LF:11
LH:11
end_of_record
SF:lib\name_field.dart
DA:6,1
DA:9,1
DA:11,1
DA:12,2
DA:13,1
DA:14,1
DA:16,1
DA:17,1
DA:18,2
LF:9
LH:9
end_of_record
