SF:lib\login.dart
DA:6,1
DA:8,1
DA:9,1
DA:16,1
DA:18,1
DA:19,5
DA:22,1
DA:24,1
DA:25,1
DA:26,3
DA:29,1
DA:31,1
DA:33,1
DA:34,1
DA:35,1
DA:38,1
DA:39,1
DA:44,1
DA:45,1
LF:19
LH:19
end_of_record
SF:lib\modify_recipe_form.dart
DA:10,1
DA:14,0
DA:15,0
DA:34,0
DA:35,0
DA:36,0
DA:40,0
DA:41,0
DA:42,0
DA:47,0
DA:48,0
DA:49,0
DA:51,0
DA:52,0
DA:53,0
DA:54,0
DA:55,0
DA:56,0
DA:63,0
DA:64,0
DA:65,0
DA:70,0
DA:72,0
DA:73,0
DA:74,0
DA:75,0
DA:76,0
DA:77,0
DA:78,0
DA:79,0
DA:80,0
DA:81,0
DA:82,0
DA:83,0
DA:84,0
DA:85,0
DA:86,0
DA:87,0
DA:88,0
DA:89,0
DA:90,0
DA:92,0
DA:93,0
DA:94,0
DA:101,0
DA:102,0
DA:107,0
DA:108,0
DA:109,0
DA:110,0
DA:111,0
LF:51
LH:1
end_of_record
SF:lib\new_recipe_form.dart
DA:12,1
DA:14,1
DA:15,1
DA:27,1
DA:29,1
DA:30,2
DA:31,2
DA:32,2
DA:33,2
DA:34,2
DA:35,2
DA:36,1
DA:40,1
DA:41,2
DA:42,3
DA:46,1
DA:47,2
DA:48,2
DA:52,1
DA:53,3
DA:55,0
DA:57,0
DA:58,0
DA:59,0
DA:60,0
DA:61,0
DA:62,0
DA:67,0
DA:68,0
DA:70,0
DA:72,0
DA:73,0
DA:74,0
DA:79,0
DA:80,0
DA:81,0
DA:85,1
DA:87,1
DA:88,1
DA:89,1
DA:90,1
DA:91,1
DA:92,2
DA:93,2
DA:94,2
DA:95,2
DA:96,2
DA:97,2
DA:98,4
DA:99,2
DA:100,1
DA:101,1
DA:102,1
DA:103,4
DA:104,1
DA:105,3
DA:107,1
DA:108,1
DA:109,2
DA:116,1
DA:117,3
DA:122,1
DA:123,1
DA:124,1
DA:125,3
DA:126,3
LF:66
LH:50
end_of_record
SF:lib\service\database_handler.dart
DA:11,0
DA:13,0
DA:14,0
DA:27,0
DA:28,0
DA:31,0
DA:32,0
LF:7
LH:0
end_of_record
SF:lib\service\firebase_options.dart
DA:18,0
DA:22,0
DA:23,0
DA:25,0
DA:27,0
DA:29,0
DA:31,0
DA:32,0
DA:37,0
LF:9
LH:0
end_of_record
SF:lib\main.dart
DA:11,0
DA:13,0
DA:15,0
DA:16,0
DA:19,0
DA:20,0
DA:21,0
DA:27,1
DA:30,1
DA:32,1
DA:34,1
DA:35,1
DA:38,2
DA:46,1
DA:50,1
DA:51,1
DA:57,0
DA:58,0
DA:59,0
DA:60,0
DA:61,0
DA:62,0
DA:67,0
DA:68,0
DA:69,0
DA:70,0
DA:71,0
DA:77,1
DA:79,0
DA:80,1
DA:81,1
DA:82,3
DA:84,0
DA:87,0
DA:88,0
DA:89,0
DA:91,1
DA:92,0
DA:93,0
DA:94,0
DA:96,0
DA:99,0
DA:100,0
DA:101,0
DA:102,0
DA:103,0
DA:104,0
DA:105,0
DA:106,0
DA:107,0
DA:108,0
DA:109,0
DA:119,0
DA:135,0
DA:136,0
DA:137,0
DA:141,0
DA:142,0
LF:58
LH:14
end_of_record
SF:lib\form_action_buttons.dart
DA:6,1
DA:9,1
DA:11,1
DA:13,1
DA:14,1
DA:15,0
DA:18,1
DA:19,1
DA:20,1
DA:21,3
DA:22,3
LF:11
LH:10
end_of_record
SF:lib\recipe.dart
DA:9,0
LF:1
LH:0
end_of_record
SF:lib\quantity_field.dart
DA:8,1
DA:10,1
DA:12,1
DA:13,2
DA:14,1
DA:15,1
DA:18,1
DA:19,1
DA:20,2
DA:23,0
DA:27,0
LF:11
LH:9
end_of_record
SF:lib\name_field.dart
DA:6,1
DA:9,1
DA:11,1
DA:12,2
DA:13,1
DA:14,1
DA:16,1
DA:17,1
DA:18,2
LF:9
LH:9
end_of_record
